<?xml version="1.0" encoding="UTF-8"?>
<!-- Generated by org.testng.reporters.JUnitXMLReporter -->
<testsuite ignored="0" hostname="Mickey" failures="0" tests="3" name="Default test" time="71.731" errors="0" timestamp="2026-04-14T22:15:01 IST">
  <testcase classname="com.srm.hackathon.adminpanel.tests.DynamicTest" name="testDynamicButtonsFlow" time="15.145"/>
  <testcase classname="com.srm.hackathon.adminpanel.tests.DynamicTest" name="testDynamicResultVerification" time="16.449"/>
  <testcase classname="com.srm.hackathon.adminpanel.tests.DynamicTest" name="testRedirectValidation" time="6.705"/>
</testsuite> <!-- Default test -->
