<?xml version="1.0" encoding="UTF-8"?>
<!-- Generated by org.testng.reporters.JUnitXMLReporter -->
<testsuite ignored="0" hostname="Mickey" failures="0" tests="4" name="Default test" time="44.933" errors="0" timestamp="2026-04-14T21:00:18 IST">
  <testcase classname="com.srm.hackathon.adminpanel.tests.FrameTest" name="testExternalIframeLoad" time="5.696"/>
  <testcase classname="com.srm.hackathon.adminpanel.tests.FrameTest" name="testIframeInteraction" time="5.808"/>
  <testcase classname="com.srm.hackathon.adminpanel.tests.FrameTest" name="testIframeTextVerification" time="5.605"/>
  <testcase classname="com.srm.hackathon.adminpanel.tests.FrameTest" name="testSwitchBackToMainPage" time="4.157"/>
</testsuite> <!-- Default test -->
