<?xml version="1.0" encoding="UTF-8"?>
<!-- Generated by org.testng.reporters.JUnitXMLReporter -->
<testsuite ignored="0" hostname="Mickey" failures="0" tests="4" name="Form Tests" time="43.804" errors="0" timestamp="2026-04-14T15:41:35 IST">
  <testcase classname="com.srm.hackathon.adminpanel.tests.FormTest" name="testDropdownSelection" time="13.626"/>
  <testcase classname="com.srm.hackathon.adminpanel.tests.FormTest" name="testCheckboxAndRadio" time="14.89"/>
  <testcase classname="com.srm.hackathon.adminpanel.tests.FormTest" name="testValidFormSubmission" time="17.755"/>
  <testcase classname="com.srm.hackathon.adminpanel.tests.FormTest" name="testEmptyFormSubmission" time="33.438"/>
</testsuite> <!-- Form Tests -->
