<?xml version="1.0" encoding="UTF-8"?>
<!-- Generated by org.testng.reporters.JUnitXMLReporter -->
<testsuite ignored="0" hostname="Mickey" failures="1" tests="5" name="Form Tests" time="54.011" errors="0" timestamp="2026-04-14T17:11:34 IST">
  <testcase classname="com.srm.hackathon.adminpanel.tests.FormTest" name="testDropdownSelection" time="10.83"/>
  <testcase classname="com.srm.hackathon.adminpanel.tests.FormTest" name="testCheckboxAndRadio" time="12.333"/>
  <testcase classname="com.srm.hackathon.adminpanel.tests.FormTest" name="testInValidFormSubmission" time="12.057">
    <failure type="java.lang.AssertionError" message="expected [Mohan] but found [Mickey]">
      <![CDATA[java.lang.AssertionError: expected [Mohan] but found [Mickey]
at com.srm.hackathon.adminpanel.tests.FormTest.testInValidFormSubmission(FormTest.java:120)
at java.base/java.util.concurrent.Executors$RunnableAdapter.call(Executors.java:539)
at java.base/java.util.concurrent.FutureTask.run(FutureTask.java:264)
at java.base/java.util.concurrent.ThreadPoolExecutor.runWorker(ThreadPoolExecutor.java:1136)
at java.base/java.util.concurrent.ThreadPoolExecutor$Worker.run(ThreadPoolExecutor.java:635)
at java.base/java.lang.Thread.run(Thread.java:842)
... Removed 19 stack frames]]>
    </failure>
  </testcase> <!-- testInValidFormSubmission -->
  <testcase classname="com.srm.hackathon.adminpanel.tests.FormTest" name="testEmptyFormSubmission" time="28.453"/>
  <testcase classname="com.srm.hackathon.adminpanel.tests.FormTest" name="testValidFormSubmission" time="8.187"/>
</testsuite> <!-- Form Tests -->
