<?xml version="1.0" encoding="UTF-8"?>
<testng-results ignored="0" total="19" passed="19" failed="0" skipped="0">
  <reporter-output>
  </reporter-output>
  <suite started-at="2026-04-14T23:29:30 IST" name="Hackathon Suite" finished-at="2026-04-14T23:33:19 IST" duration-ms="228383">
    <groups>
    </groups>
    <test started-at="2026-04-14T23:29:30 IST" name="Alert Tests" finished-at="2026-04-14T23:30:53 IST" duration-ms="82557">
      <class name="com.srm.hackathon.adminpanel.tests.AlertTest">
        <test-method is-config="true" signature="setUp()[pri:0, instance:com.srm.hackathon.adminpanel.tests.AlertTest@4b2c5e02]" started-at="2026-04-14T23:29:31 IST" name="setUp" finished-at="2026-04-14T23:29:44 IST" duration-ms="13502" status="PASS">
          <reporter-output>
          </reporter-output>
        </test-method> <!-- setUp -->
        <test-method signature="testConfirmAccept()[pri:0, instance:com.srm.hackathon.adminpanel.tests.AlertTest@4b2c5e02]" started-at="2026-04-14T23:29:44 IST" name="testConfirmAccept" finished-at="2026-04-14T23:29:55 IST" duration-ms="10600" status="PASS">
          <reporter-output>
          </reporter-output>
        </test-method> <!-- testConfirmAccept -->
        <test-method is-config="true" signature="tearDown()[pri:0, instance:com.srm.hackathon.adminpanel.tests.AlertTest@4b2c5e02]" started-at="2026-04-14T23:29:55 IST" name="tearDown" finished-at="2026-04-14T23:29:56 IST" duration-ms="923" status="PASS">
          <reporter-output>
          </reporter-output>
        </test-method> <!-- tearDown -->
        <test-method is-config="true" signature="setUp()[pri:0, instance:com.srm.hackathon.adminpanel.tests.AlertTest@4b2c5e02]" started-at="2026-04-14T23:29:56 IST" name="setUp" finished-at="2026-04-14T23:30:03 IST" duration-ms="7357" status="PASS">
          <reporter-output>
          </reporter-output>
        </test-method> <!-- setUp -->
        <test-method signature="testConfirmDismiss()[pri:0, instance:com.srm.hackathon.adminpanel.tests.AlertTest@4b2c5e02]" started-at="2026-04-14T23:30:03 IST" name="testConfirmDismiss" finished-at="2026-04-14T23:30:12 IST" duration-ms="8861" status="PASS">
          <reporter-output>
          </reporter-output>
        </test-method> <!-- testConfirmDismiss -->
        <test-method is-config="true" signature="tearDown()[pri:0, instance:com.srm.hackathon.adminpanel.tests.AlertTest@4b2c5e02]" started-at="2026-04-14T23:30:12 IST" name="tearDown" finished-at="2026-04-14T23:30:12 IST" duration-ms="605" status="PASS">
          <reporter-output>
          </reporter-output>
        </test-method> <!-- tearDown -->
        <test-method is-config="true" signature="setUp()[pri:0, instance:com.srm.hackathon.adminpanel.tests.AlertTest@4b2c5e02]" started-at="2026-04-14T23:30:12 IST" name="setUp" finished-at="2026-04-14T23:30:29 IST" duration-ms="16614" status="PASS">
          <reporter-output>
          </reporter-output>
        </test-method> <!-- setUp -->
        <test-method signature="testPrompt()[pri:0, instance:com.srm.hackathon.adminpanel.tests.AlertTest@4b2c5e02]" started-at="2026-04-14T23:30:29 IST" name="testPrompt" finished-at="2026-04-14T23:30:38 IST" duration-ms="8543" status="PASS">
          <reporter-output>
          </reporter-output>
        </test-method> <!-- testPrompt -->
        <test-method is-config="true" signature="tearDown()[pri:0, instance:com.srm.hackathon.adminpanel.tests.AlertTest@4b2c5e02]" started-at="2026-04-14T23:30:38 IST" name="tearDown" finished-at="2026-04-14T23:30:38 IST" duration-ms="403" status="PASS">
          <reporter-output>
          </reporter-output>
        </test-method> <!-- tearDown -->
        <test-method is-config="true" signature="setUp()[pri:0, instance:com.srm.hackathon.adminpanel.tests.AlertTest@4b2c5e02]" started-at="2026-04-14T23:30:38 IST" name="setUp" finished-at="2026-04-14T23:30:44 IST" duration-ms="6269" status="PASS">
          <reporter-output>
          </reporter-output>
        </test-method> <!-- setUp -->
        <test-method signature="testSimpleAlert()[pri:0, instance:com.srm.hackathon.adminpanel.tests.AlertTest@4b2c5e02]" started-at="2026-04-14T23:30:44 IST" name="testSimpleAlert" finished-at="2026-04-14T23:30:53 IST" duration-ms="8329" status="PASS">
          <reporter-output>
          </reporter-output>
        </test-method> <!-- testSimpleAlert -->
        <test-method is-config="true" signature="tearDown()[pri:0, instance:com.srm.hackathon.adminpanel.tests.AlertTest@4b2c5e02]" started-at="2026-04-14T23:30:53 IST" name="tearDown" finished-at="2026-04-14T23:30:53 IST" duration-ms="385" status="PASS">
          <reporter-output>
          </reporter-output>
        </test-method> <!-- tearDown -->
      </class> <!-- com.srm.hackathon.adminpanel.tests.AlertTest -->
    </test> <!-- Alert Tests -->
    <test started-at="2026-04-14T23:30:54 IST" name="Frame Tests" finished-at="2026-04-14T23:32:10 IST" duration-ms="76158">
      <class name="com.srm.hackathon.adminpanel.tests.FrameTest">
        <test-method is-config="true" signature="setUp()[pri:0, instance:com.srm.hackathon.adminpanel.tests.FrameTest@5e17553a]" started-at="2026-04-14T23:30:54 IST" name="setUp" finished-at="2026-04-14T23:31:04 IST" duration-ms="10016" status="PASS">
          <reporter-output>
          </reporter-output>
        </test-method> <!-- setUp -->
        <test-method signature="testExternalIframeLoad()[pri:0, instance:com.srm.hackathon.adminpanel.tests.FrameTest@5e17553a]" started-at="2026-04-14T23:31:04 IST" name="testExternalIframeLoad" finished-at="2026-04-14T23:31:17 IST" duration-ms="12746" status="PASS">
          <reporter-output>
          </reporter-output>
        </test-method> <!-- testExternalIframeLoad -->
        <test-method is-config="true" signature="tearDown()[pri:0, instance:com.srm.hackathon.adminpanel.tests.FrameTest@5e17553a]" started-at="2026-04-14T23:31:17 IST" name="tearDown" finished-at="2026-04-14T23:31:17 IST" duration-ms="634" status="PASS">
          <reporter-output>
          </reporter-output>
        </test-method> <!-- tearDown -->
        <test-method is-config="true" signature="setUp()[pri:0, instance:com.srm.hackathon.adminpanel.tests.FrameTest@5e17553a]" started-at="2026-04-14T23:31:17 IST" name="setUp" finished-at="2026-04-14T23:31:27 IST" duration-ms="10140" status="PASS">
          <reporter-output>
          </reporter-output>
        </test-method> <!-- setUp -->
        <test-method signature="testIframeInteraction()[pri:0, instance:com.srm.hackathon.adminpanel.tests.FrameTest@5e17553a]" started-at="2026-04-14T23:31:27 IST" name="testIframeInteraction" finished-at="2026-04-14T23:31:38 IST" duration-ms="10489" status="PASS">
          <reporter-output>
          </reporter-output>
        </test-method> <!-- testIframeInteraction -->
        <test-method is-config="true" signature="tearDown()[pri:0, instance:com.srm.hackathon.adminpanel.tests.FrameTest@5e17553a]" started-at="2026-04-14T23:31:38 IST" name="tearDown" finished-at="2026-04-14T23:31:39 IST" duration-ms="617" status="PASS">
          <reporter-output>
          </reporter-output>
        </test-method> <!-- tearDown -->
        <test-method is-config="true" signature="setUp()[pri:0, instance:com.srm.hackathon.adminpanel.tests.FrameTest@5e17553a]" started-at="2026-04-14T23:31:39 IST" name="setUp" finished-at="2026-04-14T23:31:47 IST" duration-ms="8019" status="PASS">
          <reporter-output>
          </reporter-output>
        </test-method> <!-- setUp -->
        <test-method signature="testIframeTextVerification()[pri:0, instance:com.srm.hackathon.adminpanel.tests.FrameTest@5e17553a]" started-at="2026-04-14T23:31:47 IST" name="testIframeTextVerification" finished-at="2026-04-14T23:31:55 IST" duration-ms="8059" status="PASS">
          <reporter-output>
          </reporter-output>
        </test-method> <!-- testIframeTextVerification -->
        <test-method is-config="true" signature="tearDown()[pri:0, instance:com.srm.hackathon.adminpanel.tests.FrameTest@5e17553a]" started-at="2026-04-14T23:31:55 IST" name="tearDown" finished-at="2026-04-14T23:31:55 IST" duration-ms="389" status="PASS">
          <reporter-output>
          </reporter-output>
        </test-method> <!-- tearDown -->
        <test-method is-config="true" signature="setUp()[pri:0, instance:com.srm.hackathon.adminpanel.tests.FrameTest@5e17553a]" started-at="2026-04-14T23:31:55 IST" name="setUp" finished-at="2026-04-14T23:32:02 IST" duration-ms="6879" status="PASS">
          <reporter-output>
          </reporter-output>
        </test-method> <!-- setUp -->
        <test-method signature="testSwitchBackToMainPage()[pri:0, instance:com.srm.hackathon.adminpanel.tests.FrameTest@5e17553a]" started-at="2026-04-14T23:32:02 IST" name="testSwitchBackToMainPage" finished-at="2026-04-14T23:32:09 IST" duration-ms="7432" status="PASS">
          <reporter-output>
          </reporter-output>
        </test-method> <!-- testSwitchBackToMainPage -->
        <test-method is-config="true" signature="tearDown()[pri:0, instance:com.srm.hackathon.adminpanel.tests.FrameTest@5e17553a]" started-at="2026-04-14T23:32:09 IST" name="tearDown" finished-at="2026-04-14T23:32:10 IST" duration-ms="690" status="PASS">
          <reporter-output>
          </reporter-output>
        </test-method> <!-- tearDown -->
      </class> <!-- com.srm.hackathon.adminpanel.tests.FrameTest -->
    </test> <!-- Frame Tests -->
    <test started-at="2026-04-14T23:29:30 IST" name="Form Tests" finished-at="2026-04-14T23:32:21 IST" duration-ms="170459">
      <class name="com.srm.hackathon.adminpanel.tests.FormTest">
        <test-method is-config="true" signature="setUp()[pri:0, instance:com.srm.hackathon.adminpanel.tests.FormTest@311bf055]" started-at="2026-04-14T23:29:31 IST" name="setUp" finished-at="2026-04-14T23:29:43 IST" duration-ms="12648" status="PASS">
          <reporter-output>
          </reporter-output>
        </test-method> <!-- setUp -->
        <test-method signature="testCheckboxAndRadio()[pri:0, instance:com.srm.hackathon.adminpanel.tests.FormTest@311bf055]" started-at="2026-04-14T23:29:43 IST" name="testCheckboxAndRadio" finished-at="2026-04-14T23:29:59 IST" duration-ms="15230" status="PASS">
          <reporter-output>
          </reporter-output>
        </test-method> <!-- testCheckboxAndRadio -->
        <test-method is-config="true" signature="tearDown()[pri:0, instance:com.srm.hackathon.adminpanel.tests.FormTest@311bf055]" started-at="2026-04-14T23:29:59 IST" name="tearDown" finished-at="2026-04-14T23:30:01 IST" duration-ms="2552" status="PASS">
          <reporter-output>
          </reporter-output>
        </test-method> <!-- tearDown -->
        <test-method is-config="true" signature="setUp()[pri:0, instance:com.srm.hackathon.adminpanel.tests.FormTest@311bf055]" started-at="2026-04-14T23:30:01 IST" name="setUp" finished-at="2026-04-14T23:30:12 IST" duration-ms="10796" status="PASS">
          <reporter-output>
          </reporter-output>
        </test-method> <!-- setUp -->
        <test-method signature="testDropdownSelection()[pri:0, instance:com.srm.hackathon.adminpanel.tests.FormTest@311bf055]" started-at="2026-04-14T23:30:12 IST" name="testDropdownSelection" finished-at="2026-04-14T23:30:24 IST" duration-ms="12221" status="PASS">
          <reporter-output>
          </reporter-output>
        </test-method> <!-- testDropdownSelection -->
        <test-method is-config="true" signature="tearDown()[pri:0, instance:com.srm.hackathon.adminpanel.tests.FormTest@311bf055]" started-at="2026-04-14T23:30:24 IST" name="tearDown" finished-at="2026-04-14T23:30:25 IST" duration-ms="422" status="PASS">
          <reporter-output>
          </reporter-output>
        </test-method> <!-- tearDown -->
        <test-method is-config="true" signature="setUp()[pri:0, instance:com.srm.hackathon.adminpanel.tests.FormTest@311bf055]" started-at="2026-04-14T23:30:25 IST" name="setUp" finished-at="2026-04-14T23:30:32 IST" duration-ms="7704" status="PASS">
          <reporter-output>
          </reporter-output>
        </test-method> <!-- setUp -->
        <test-method signature="testEmptyFormSubmission()[pri:0, instance:com.srm.hackathon.adminpanel.tests.FormTest@311bf055]" started-at="2026-04-14T23:30:32 IST" name="testEmptyFormSubmission" finished-at="2026-04-14T23:31:02 IST" duration-ms="30030" status="PASS">
          <reporter-output>
          </reporter-output>
        </test-method> <!-- testEmptyFormSubmission -->
        <test-method is-config="true" signature="tearDown()[pri:0, instance:com.srm.hackathon.adminpanel.tests.FormTest@311bf055]" started-at="2026-04-14T23:31:02 IST" name="tearDown" finished-at="2026-04-14T23:31:04 IST" duration-ms="1698" status="PASS">
          <reporter-output>
          </reporter-output>
        </test-method> <!-- tearDown -->
        <test-method is-config="true" signature="setUp()[pri:0, instance:com.srm.hackathon.adminpanel.tests.FormTest@311bf055]" started-at="2026-04-14T23:31:07 IST" name="setUp" finished-at="2026-04-14T23:31:22 IST" duration-ms="15252" status="PASS">
          <reporter-output>
          </reporter-output>
        </test-method> <!-- setUp -->
        <test-method signature="testValidFormSubmission(java.lang.String,java.lang.String,java.lang.String,java.lang.String,java.lang.String,java.lang.String)[pri:0, instance:com.srm.hackathon.adminpanel.tests.FormTest@311bf055]" started-at="2026-04-14T23:31:22 IST" name="testValidFormSubmission" data-provider="formData" finished-at="2026-04-14T23:31:38 IST" duration-ms="15420" status="PASS">
          <params>
            <param index="0">
              <value>
                <![CDATA[Mickey]]>
              </value>
            </param>
            <param index="1">
              <value>
                <![CDATA[pass123]]>
              </value>
            </param>
            <param index="2">
              <value>
                <![CDATA[Hello this is Mickey]]>
              </value>
            </param>
            <param index="3">
              <value>
                <![CDATA[0.0]]>
              </value>
            </param>
            <param index="4">
              <value>
                <![CDATA[2.0]]>
              </value>
            </param>
            <param index="5">
              <value>
                <![CDATA[dd4]]>
              </value>
            </param>
          </params>
          <reporter-output>
          </reporter-output>
        </test-method> <!-- testValidFormSubmission -->
        <test-method is-config="true" signature="tearDown()[pri:0, instance:com.srm.hackathon.adminpanel.tests.FormTest@311bf055]" started-at="2026-04-14T23:31:38 IST" name="tearDown" finished-at="2026-04-14T23:31:38 IST" duration-ms="702" status="PASS">
          <reporter-output>
          </reporter-output>
        </test-method> <!-- tearDown -->
        <test-method is-config="true" signature="setUp()[pri:0, instance:com.srm.hackathon.adminpanel.tests.FormTest@311bf055]" started-at="2026-04-14T23:31:38 IST" name="setUp" finished-at="2026-04-14T23:31:47 IST" duration-ms="8587" status="PASS">
          <reporter-output>
          </reporter-output>
        </test-method> <!-- setUp -->
        <test-method signature="testValidFormSubmission(java.lang.String,java.lang.String,java.lang.String,java.lang.String,java.lang.String,java.lang.String)[pri:0, instance:com.srm.hackathon.adminpanel.tests.FormTest@311bf055]" started-at="2026-04-14T23:31:47 IST" name="testValidFormSubmission" data-provider="formData" finished-at="2026-04-14T23:31:58 IST" duration-ms="11146" status="PASS">
          <params>
            <param index="0">
              <value>
                <![CDATA[Mohan]]>
              </value>
            </param>
            <param index="1">
              <value>
                <![CDATA[pass1698]]>
              </value>
            </param>
            <param index="2">
              <value>
                <![CDATA[Hello this is Mohan]]>
              </value>
            </param>
            <param index="3">
              <value>
                <![CDATA[1.0]]>
              </value>
            </param>
            <param index="4">
              <value>
                <![CDATA[0.0]]>
              </value>
            </param>
            <param index="5">
              <value>
                <![CDATA[dd1]]>
              </value>
            </param>
          </params>
          <reporter-output>
          </reporter-output>
        </test-method> <!-- testValidFormSubmission -->
        <test-method is-config="true" signature="tearDown()[pri:0, instance:com.srm.hackathon.adminpanel.tests.FormTest@311bf055]" started-at="2026-04-14T23:31:58 IST" name="tearDown" finished-at="2026-04-14T23:31:59 IST" duration-ms="363" status="PASS">
          <reporter-output>
          </reporter-output>
        </test-method> <!-- tearDown -->
        <test-method is-config="true" signature="setUp()[pri:0, instance:com.srm.hackathon.adminpanel.tests.FormTest@311bf055]" started-at="2026-04-14T23:31:59 IST" name="setUp" finished-at="2026-04-14T23:32:02 IST" duration-ms="3013" status="PASS">
          <reporter-output>
          </reporter-output>
        </test-method> <!-- setUp -->
        <test-method signature="testValidFormSubmission(java.lang.String,java.lang.String,java.lang.String,java.lang.String,java.lang.String,java.lang.String)[pri:0, instance:com.srm.hackathon.adminpanel.tests.FormTest@311bf055]" started-at="2026-04-14T23:32:02 IST" name="testValidFormSubmission" data-provider="formData" finished-at="2026-04-14T23:32:19 IST" duration-ms="17768" status="PASS">
          <params>
            <param index="0">
              <value>
                <![CDATA[Anju]]>
              </value>
            </param>
            <param index="1">
              <value>
                <![CDATA[anju1503]]>
              </value>
            </param>
            <param index="2">
              <value>
                <![CDATA[This is Anju]]>
              </value>
            </param>
            <param index="3">
              <value>
                <![CDATA[0.0]]>
              </value>
            </param>
            <param index="4">
              <value>
                <![CDATA[1.0]]>
              </value>
            </param>
            <param index="5">
              <value>
                <![CDATA[dd2]]>
              </value>
            </param>
          </params>
          <reporter-output>
          </reporter-output>
        </test-method> <!-- testValidFormSubmission -->
        <test-method is-config="true" signature="tearDown()[pri:0, instance:com.srm.hackathon.adminpanel.tests.FormTest@311bf055]" started-at="2026-04-14T23:32:19 IST" name="tearDown" finished-at="2026-04-14T23:32:21 IST" duration-ms="1606" status="PASS">
          <reporter-output>
          </reporter-output>
        </test-method> <!-- tearDown -->
      </class> <!-- com.srm.hackathon.adminpanel.tests.FormTest -->
    </test> <!-- Form Tests -->
    <test started-at="2026-04-14T23:32:21 IST" name="Table Tests" finished-at="2026-04-14T23:32:59 IST" duration-ms="38036">
      <class name="com.srm.hackathon.adminpanel.tests.TableTest">
        <test-method is-config="true" signature="setUp()[pri:0, instance:com.srm.hackathon.adminpanel.tests.TableTest@24c22fe]" started-at="2026-04-14T23:32:21 IST" name="setUp" finished-at="2026-04-14T23:32:32 IST" duration-ms="11131" status="PASS">
          <reporter-output>
          </reporter-output>
        </test-method> <!-- setUp -->
        <test-method signature="testInitialTableData()[pri:0, instance:com.srm.hackathon.adminpanel.tests.TableTest@24c22fe]" started-at="2026-04-14T23:32:32 IST" name="testInitialTableData" finished-at="2026-04-14T23:32:41 IST" duration-ms="9134" status="PASS">
          <reporter-output>
          </reporter-output>
        </test-method> <!-- testInitialTableData -->
        <test-method is-config="true" signature="tearDown()[pri:0, instance:com.srm.hackathon.adminpanel.tests.TableTest@24c22fe]" started-at="2026-04-14T23:32:41 IST" name="tearDown" finished-at="2026-04-14T23:32:42 IST" duration-ms="710" status="PASS">
          <reporter-output>
          </reporter-output>
        </test-method> <!-- tearDown -->
        <test-method is-config="true" signature="setUp()[pri:0, instance:com.srm.hackathon.adminpanel.tests.TableTest@24c22fe]" started-at="2026-04-14T23:32:42 IST" name="setUp" finished-at="2026-04-14T23:32:54 IST" duration-ms="11737" status="PASS">
          <reporter-output>
          </reporter-output>
        </test-method> <!-- setUp -->
        <test-method signature="testTableHeaders()[pri:0, instance:com.srm.hackathon.adminpanel.tests.TableTest@24c22fe]" started-at="2026-04-14T23:32:54 IST" name="testTableHeaders" finished-at="2026-04-14T23:32:59 IST" duration-ms="4842" status="PASS">
          <reporter-output>
          </reporter-output>
        </test-method> <!-- testTableHeaders -->
        <test-method is-config="true" signature="tearDown()[pri:0, instance:com.srm.hackathon.adminpanel.tests.TableTest@24c22fe]" started-at="2026-04-14T23:32:59 IST" name="tearDown" finished-at="2026-04-14T23:32:59 IST" duration-ms="446" status="PASS">
          <reporter-output>
          </reporter-output>
        </test-method> <!-- tearDown -->
      </class> <!-- com.srm.hackathon.adminpanel.tests.TableTest -->
    </test> <!-- Table Tests -->
    <test started-at="2026-04-14T23:32:10 IST" name="Dynamic Tests" finished-at="2026-04-14T23:33:19 IST" duration-ms="68384">
      <class name="com.srm.hackathon.adminpanel.tests.DynamicTest">
        <test-method is-config="true" signature="setUp()[pri:0, instance:com.srm.hackathon.adminpanel.tests.DynamicTest@19b89d4]" started-at="2026-04-14T23:32:11 IST" name="setUp" finished-at="2026-04-14T23:32:18 IST" duration-ms="7646" status="PASS">
          <reporter-output>
          </reporter-output>
        </test-method> <!-- setUp -->
        <test-method signature="testDynamicButtonsFlow()[pri:0, instance:com.srm.hackathon.adminpanel.tests.DynamicTest@19b89d4]" started-at="2026-04-14T23:32:18 IST" name="testDynamicButtonsFlow" finished-at="2026-04-14T23:32:37 IST" duration-ms="18354" status="PASS">
          <reporter-output>
          </reporter-output>
        </test-method> <!-- testDynamicButtonsFlow -->
        <test-method is-config="true" signature="tearDown()[pri:0, instance:com.srm.hackathon.adminpanel.tests.DynamicTest@19b89d4]" started-at="2026-04-14T23:32:37 IST" name="tearDown" finished-at="2026-04-14T23:32:38 IST" duration-ms="1597" status="PASS">
          <reporter-output>
          </reporter-output>
        </test-method> <!-- tearDown -->
        <test-method is-config="true" signature="setUp()[pri:0, instance:com.srm.hackathon.adminpanel.tests.DynamicTest@19b89d4]" started-at="2026-04-14T23:32:38 IST" name="setUp" finished-at="2026-04-14T23:32:47 IST" duration-ms="8845" status="PASS">
          <reporter-output>
          </reporter-output>
        </test-method> <!-- setUp -->
        <test-method signature="testDynamicResultVerification()[pri:0, instance:com.srm.hackathon.adminpanel.tests.DynamicTest@19b89d4]" started-at="2026-04-14T23:32:47 IST" name="testDynamicResultVerification" finished-at="2026-04-14T23:33:05 IST" duration-ms="17578" status="PASS">
          <reporter-output>
          </reporter-output>
        </test-method> <!-- testDynamicResultVerification -->
        <test-method is-config="true" signature="tearDown()[pri:0, instance:com.srm.hackathon.adminpanel.tests.DynamicTest@19b89d4]" started-at="2026-04-14T23:33:05 IST" name="tearDown" finished-at="2026-04-14T23:33:05 IST" duration-ms="262" status="PASS">
          <reporter-output>
          </reporter-output>
        </test-method> <!-- tearDown -->
        <test-method is-config="true" signature="setUp()[pri:0, instance:com.srm.hackathon.adminpanel.tests.DynamicTest@19b89d4]" started-at="2026-04-14T23:33:05 IST" name="setUp" finished-at="2026-04-14T23:33:11 IST" duration-ms="6556" status="PASS">
          <reporter-output>
          </reporter-output>
        </test-method> <!-- setUp -->
        <test-method signature="testRedirectValidation()[pri:0, instance:com.srm.hackathon.adminpanel.tests.DynamicTest@19b89d4]" started-at="2026-04-14T23:33:11 IST" name="testRedirectValidation" finished-at="2026-04-14T23:33:19 IST" duration-ms="7244" status="PASS">
          <reporter-output>
          </reporter-output>
        </test-method> <!-- testRedirectValidation -->
        <test-method is-config="true" signature="tearDown()[pri:0, instance:com.srm.hackathon.adminpanel.tests.DynamicTest@19b89d4]" started-at="2026-04-14T23:33:19 IST" name="tearDown" finished-at="2026-04-14T23:33:19 IST" duration-ms="259" status="PASS">
          <reporter-output>
          </reporter-output>
        </test-method> <!-- tearDown -->
      </class> <!-- com.srm.hackathon.adminpanel.tests.DynamicTest -->
    </test> <!-- Dynamic Tests -->
  </suite> <!-- Hackathon Suite -->
</testng-results>
