<?xml version="1.0" encoding="UTF-8"?>
<!-- Generated by org.testng.reporters.JUnitReportReporter -->
<testsuite hostname="Mickey" failures="0" tests="4" name="com.srm.hackathon.adminpanel.tests.AlertTest" time="82.391" errors="0" timestamp="2026-04-14T23:33:19 IST" skipped="0">
  <testcase classname="com.srm.hackathon.adminpanel.tests.AlertTest" name="testPrompt" time="16.505"/>
  <testcase classname="com.srm.hackathon.adminpanel.tests.AlertTest" name="testSimpleAlert" time="25.346"/>
  <testcase classname="com.srm.hackathon.adminpanel.tests.AlertTest" name="testConfirmAccept" time="24.487"/>
  <testcase classname="com.srm.hackathon.adminpanel.tests.AlertTest" name="testConfirmDismiss" time="16.053"/>
</testsuite> <!-- com.srm.hackathon.adminpanel.tests.AlertTest -->
