<?xml version="1.0" encoding="UTF-8"?>
<!-- Generated by org.testng.reporters.JUnitReportReporter -->
<testsuite hostname="Mickey" failures="0" tests="4" name="com.srm.hackathon.adminpanel.tests.FrameTest" time="62.994" errors="0" timestamp="2026-04-15T13:38:34 IST" skipped="0">
  <testcase classname="com.srm.hackathon.adminpanel.tests.FrameTest" name="testIframeInteraction" time="11.041"/>
  <testcase classname="com.srm.hackathon.adminpanel.tests.FrameTest" name="testSwitchBackToMainPage" time="17.074"/>
  <testcase classname="com.srm.hackathon.adminpanel.tests.FrameTest" name="testExternalIframeLoad" time="18.963"/>
  <testcase classname="com.srm.hackathon.adminpanel.tests.FrameTest" name="testIframeTextVerification" time="15.916"/>
</testsuite> <!-- com.srm.hackathon.adminpanel.tests.FrameTest -->
