<?xml version="1.0" encoding="UTF-8"?>
<!-- Generated by org.testng.reporters.JUnitReportReporter -->
<testsuite hostname="Mickey" failures="0" tests="3" name="com.srm.hackathon.adminpanel.tests.DynamicTest" time="71.599" errors="0" timestamp="2026-04-14T22:15:01 IST" skipped="0">
  <testcase classname="com.srm.hackathon.adminpanel.tests.DynamicTest" name="testDynamicButtonsFlow" time="25.946"/>
  <testcase classname="com.srm.hackathon.adminpanel.tests.DynamicTest" name="testRedirectValidation" time="20.381"/>
  <testcase classname="com.srm.hackathon.adminpanel.tests.DynamicTest" name="testDynamicResultVerification" time="25.272"/>
</testsuite> <!-- com.srm.hackathon.adminpanel.tests.DynamicTest -->
