<?xml version="1.0" encoding="UTF-8"?>
<!-- Generated by org.testng.reporters.JUnitReportReporter -->
<testsuite hostname="Mickey" failures="0" tests="6" name="com.srm.hackathon.adminpanel.tests.FormTest" time="121.806" errors="0" timestamp="2026-04-14T19:42:40 IST" skipped="0">
  <testcase classname="com.srm.hackathon.adminpanel.tests.FormTest" name="testCheckboxAndRadio" time="18.492"/>
  <testcase classname="com.srm.hackathon.adminpanel.tests.FormTest" name="testEmptyFormSubmission" time="35.322"/>
  <testcase classname="com.srm.hackathon.adminpanel.tests.FormTest" name="testDropdownSelection" time="14.999"/>
  <testcase classname="com.srm.hackathon.adminpanel.tests.FormTest" name="testValidFormSubmission" time="13.781"/>
  <testcase classname="com.srm.hackathon.adminpanel.tests.FormTest" name="testValidFormSubmission" time="11.743"/>
  <testcase classname="com.srm.hackathon.adminpanel.tests.FormTest" name="testValidFormSubmission" time="27.469"/>
</testsuite> <!-- com.srm.hackathon.adminpanel.tests.FormTest -->
