<?xml version="1.0" encoding="UTF-8"?>
<!-- Generated by org.testng.reporters.JUnitReportReporter -->
<testsuite hostname="Mickey" failures="0" tests="2" name="com.srm.hackathon.adminpanel.tests.TableTest" time="38.000" errors="0" timestamp="2026-04-14T23:33:19 IST" skipped="0">
  <testcase classname="com.srm.hackathon.adminpanel.tests.TableTest" name="testTableHeaders" time="16.419"/>
  <testcase classname="com.srm.hackathon.adminpanel.tests.TableTest" name="testInitialTableData" time="21.581"/>
</testsuite> <!-- com.srm.hackathon.adminpanel.tests.TableTest -->
