<?xml version="1.0" encoding="UTF-8"?>
<!-- Generated by org.testng.reporters.JUnitReportReporter -->
<testsuite hostname="Mickey" failures="0" tests="4" name="com.srm.hackathon.adminpanel.tests.AlertTest" time="44.438" errors="0" timestamp="2026-04-14T20:00:17 IST" skipped="0">
  <testcase classname="com.srm.hackathon.adminpanel.tests.AlertTest" name="testConfirmDismiss" time="13.291"/>
  <testcase classname="com.srm.hackathon.adminpanel.tests.AlertTest" name="testConfirmAccept" time="10.767"/>
  <testcase classname="com.srm.hackathon.adminpanel.tests.AlertTest" name="testPrompt" time="10.492"/>
  <testcase classname="com.srm.hackathon.adminpanel.tests.AlertTest" name="testSimpleAlert" time="9.888"/>
</testsuite> <!-- com.srm.hackathon.adminpanel.tests.AlertTest -->
