<?xml version="1.0" encoding="UTF-8"?>
<!-- Generated by org.testng.reporters.JUnitReportReporter -->
<testsuite hostname="Mickey" failures="0" tests="2" name="com.srm.hackathon.adminpanel.tests.TableTest" time="25.898" errors="0" timestamp="2026-04-15T13:38:34 IST" skipped="0">
  <testcase classname="com.srm.hackathon.adminpanel.tests.TableTest" name="testInitialTableData" time="10.825"/>
  <testcase classname="com.srm.hackathon.adminpanel.tests.TableTest" name="testTableHeaders" time="15.073"/>
</testsuite> <!-- com.srm.hackathon.adminpanel.tests.TableTest -->
