<?xml version="1.0" encoding="UTF-8"?>
<!-- Generated by org.testng.reporters.JUnitReportReporter -->
<testsuite hostname="Mickey" failures="0" tests="4" name="com.srm.hackathon.adminpanel.tests.FrameTest" time="44.808" errors="0" timestamp="2026-04-14T21:00:18 IST" skipped="0">
  <testcase classname="com.srm.hackathon.adminpanel.tests.FrameTest" name="testSwitchBackToMainPage" time="13.385"/>
  <testcase classname="com.srm.hackathon.adminpanel.tests.FrameTest" name="testExternalIframeLoad" time="9.776"/>
  <testcase classname="com.srm.hackathon.adminpanel.tests.FrameTest" name="testIframeTextVerification" time="10.562"/>
  <testcase classname="com.srm.hackathon.adminpanel.tests.FrameTest" name="testIframeInteraction" time="11.085"/>
</testsuite> <!-- com.srm.hackathon.adminpanel.tests.FrameTest -->
