<?xml version="1.0" encoding="UTF-8"?>
<!-- Generated by org.testng.reporters.JUnitReportReporter -->
<testsuite hostname="Mickey" failures="0" tests="3" name="com.srm.hackathon.adminpanel.tests.DynamicTest" time="68.341" errors="0" timestamp="2026-04-14T23:33:19 IST" skipped="0">
  <testcase classname="com.srm.hackathon.adminpanel.tests.DynamicTest" name="testDynamicButtonsFlow" time="27.461"/>
  <testcase classname="com.srm.hackathon.adminpanel.tests.DynamicTest" name="testRedirectValidation" time="16.487"/>
  <testcase classname="com.srm.hackathon.adminpanel.tests.DynamicTest" name="testDynamicResultVerification" time="24.393"/>
</testsuite> <!-- com.srm.hackathon.adminpanel.tests.DynamicTest -->
