<?xml version="1.0" encoding="UTF-8"?>
<!-- Generated by org.testng.reporters.JUnitXMLReporter -->
<testsuite ignored="0" hostname="Mickey" failures="0" tests="4" name="Alert Tests" time="82.557" errors="0" timestamp="2026-04-14T23:30:54 IST">
  <testcase classname="com.srm.hackathon.adminpanel.tests.AlertTest" name="testConfirmAccept" time="10.6"/>
  <testcase classname="com.srm.hackathon.adminpanel.tests.AlertTest" name="testConfirmDismiss" time="8.861"/>
  <testcase classname="com.srm.hackathon.adminpanel.tests.AlertTest" name="testPrompt" time="8.543"/>
  <testcase classname="com.srm.hackathon.adminpanel.tests.AlertTest" name="testSimpleAlert" time="8.329"/>
</testsuite> <!-- Alert Tests -->
