<?xml version="1.0" encoding="UTF-8"?>
<!-- Generated by org.testng.reporters.JUnitXMLReporter -->
<testsuite ignored="0" hostname="Mickey" failures="0" tests="4" name="Alert Tests" time="100.216" errors="0" timestamp="2026-04-15T13:36:45 IST">
  <testcase classname="com.srm.hackathon.adminpanel.tests.AlertTest" name="testConfirmAccept" time="5.85"/>
  <testcase classname="com.srm.hackathon.adminpanel.tests.AlertTest" name="testConfirmDismiss" time="10.464"/>
  <testcase classname="com.srm.hackathon.adminpanel.tests.AlertTest" name="testPrompt" time="7.233"/>
  <testcase classname="com.srm.hackathon.adminpanel.tests.AlertTest" name="testSimpleAlert" time="8.819"/>
</testsuite> <!-- Alert Tests -->
