<?xml version="1.0" encoding="UTF-8"?>
<!-- Generated by org.testng.reporters.JUnitXMLReporter -->
<testsuite ignored="0" hostname="Mickey" failures="0" tests="3" name="Dynamic Tests" time="59.673" errors="0" timestamp="2026-04-15T13:38:34 IST">
  <testcase classname="com.srm.hackathon.adminpanel.tests.DynamicTest" name="testDynamicButtonsFlow" time="18.909"/>
  <testcase classname="com.srm.hackathon.adminpanel.tests.DynamicTest" name="testDynamicResultVerification" time="14.265"/>
  <testcase classname="com.srm.hackathon.adminpanel.tests.DynamicTest" name="testRedirectValidation" time="5.674"/>
</testsuite> <!-- Dynamic Tests -->
