<?xml version="1.0" encoding="UTF-8"?>
<!-- Generated by org.testng.reporters.JUnitXMLReporter -->
<testsuite ignored="0" hostname="Mickey" failures="0" tests="3" name="Dynamic Tests" time="68.384" errors="0" timestamp="2026-04-14T23:33:19 IST">
  <testcase classname="com.srm.hackathon.adminpanel.tests.DynamicTest" name="testDynamicButtonsFlow" time="18.354"/>
  <testcase classname="com.srm.hackathon.adminpanel.tests.DynamicTest" name="testDynamicResultVerification" time="17.578"/>
  <testcase classname="com.srm.hackathon.adminpanel.tests.DynamicTest" name="testRedirectValidation" time="7.244"/>
</testsuite> <!-- Dynamic Tests -->
