<?xml version="1.0" encoding="UTF-8"?>
<!-- Generated by org.testng.reporters.JUnitXMLReporter -->
<testsuite ignored="0" hostname="Mickey" failures="0" tests="6" name="Form Tests" time="170.459" errors="0" timestamp="2026-04-14T23:32:21 IST">
  <testcase classname="com.srm.hackathon.adminpanel.tests.FormTest" name="testCheckboxAndRadio" time="15.23"/>
  <testcase classname="com.srm.hackathon.adminpanel.tests.FormTest" name="testDropdownSelection" time="12.221"/>
  <testcase classname="com.srm.hackathon.adminpanel.tests.FormTest" name="testEmptyFormSubmission" time="30.03"/>
  <testcase classname="com.srm.hackathon.adminpanel.tests.FormTest" name="testValidFormSubmission" time="15.42"/>
  <testcase classname="com.srm.hackathon.adminpanel.tests.FormTest" name="testValidFormSubmission" time="11.146"/>
  <testcase classname="com.srm.hackathon.adminpanel.tests.FormTest" name="testValidFormSubmission" time="17.768"/>
</testsuite> <!-- Form Tests -->
