<?xml version="1.0" encoding="UTF-8"?>
<!-- Generated by org.testng.reporters.JUnitXMLReporter -->
<testsuite ignored="0" hostname="Mickey" failures="0" tests="6" name="Form Tests" time="150.354" errors="0" timestamp="2026-04-15T13:37:35 IST">
  <testcase classname="com.srm.hackathon.adminpanel.tests.FormTest" name="testCheckboxAndRadio" time="15.473"/>
  <testcase classname="com.srm.hackathon.adminpanel.tests.FormTest" name="testDropdownSelection" time="9.386"/>
  <testcase classname="com.srm.hackathon.adminpanel.tests.FormTest" name="testEmptyFormSubmission" time="33.447"/>
  <testcase classname="com.srm.hackathon.adminpanel.tests.FormTest" name="testValidFormSubmission" time="10.063"/>
  <testcase classname="com.srm.hackathon.adminpanel.tests.FormTest" name="testValidFormSubmission" time="11.565"/>
  <testcase classname="com.srm.hackathon.adminpanel.tests.FormTest" name="testValidFormSubmission" time="13.582"/>
</testsuite> <!-- Form Tests -->
