<?xml version="1.0" encoding="UTF-8"?>
<!-- Generated by org.testng.reporters.JUnitXMLReporter -->
<testsuite ignored="0" hostname="Mickey" failures="0" tests="4" name="Frame Tests" time="63.007" errors="0" timestamp="2026-04-15T13:37:48 IST">
  <testcase classname="com.srm.hackathon.adminpanel.tests.FrameTest" name="testExternalIframeLoad" time="9.453"/>
  <testcase classname="com.srm.hackathon.adminpanel.tests.FrameTest" name="testIframeInteraction" time="5.749"/>
  <testcase classname="com.srm.hackathon.adminpanel.tests.FrameTest" name="testIframeTextVerification" time="9.719"/>
  <testcase classname="com.srm.hackathon.adminpanel.tests.FrameTest" name="testSwitchBackToMainPage" time="8.314"/>
</testsuite> <!-- Frame Tests -->
