<?xml version="1.0" encoding="UTF-8"?>
<!-- Generated by org.testng.reporters.JUnitXMLReporter -->
<testsuite ignored="0" hostname="Mickey" failures="0" tests="4" name="Frame Tests" time="76.158" errors="0" timestamp="2026-04-14T23:32:10 IST">
  <testcase classname="com.srm.hackathon.adminpanel.tests.FrameTest" name="testExternalIframeLoad" time="12.746"/>
  <testcase classname="com.srm.hackathon.adminpanel.tests.FrameTest" name="testIframeInteraction" time="10.489"/>
  <testcase classname="com.srm.hackathon.adminpanel.tests.FrameTest" name="testIframeTextVerification" time="8.059"/>
  <testcase classname="com.srm.hackathon.adminpanel.tests.FrameTest" name="testSwitchBackToMainPage" time="7.432"/>
</testsuite> <!-- Frame Tests -->
